Using pre-set license
Built from '2020.3/staging' branch; Version is '2020.3.26f1 (7298b473bc1a) revision 7510196'; Using compiler version '192528614'; Build Type 'Release'
OS: 'Windows 10  (10.0.19043) 64bit CoreSingleLanguage' Language: 'en' Physical Memory: 16303 MB
BatchMode: 1, IsHumanControllingUs: 0, StartBugReporterOnCrash: 0, Is64bit: 1, IsPro: 0

COMMAND LINE ARGUMENTS:
D:\Softwares\Unity3D\2020.3.26f1\Editor\Unity.exe
-adb2
-batchMode
-noUpm
-name
AssetImportWorker0
-projectPath
D:/Programming/UNITY/GOLDSMITHS/VIRTUAL REALITY/Car-Experiment/Car-Experiment
-logFile
Logs/AssetImportWorker0.log
-srvPort
52478
Successfully changed project path to: D:/Programming/UNITY/GOLDSMITHS/VIRTUAL REALITY/Car-Experiment/Car-Experiment
D:/Programming/UNITY/GOLDSMITHS/VIRTUAL REALITY/Car-Experiment/Car-Experiment
Using Asset Import Pipeline V2.
Refreshing native plugins compatible for Editor in 45.93 ms, found 5 plugins.
Preloading 1 native plugins for Editor in 0.68 ms.
Initialize engine version: 2020.3.26f1 (7298b473bc1a)
[Subsystems] Discovering subsystems at path D:/Softwares/Unity3D/2020.3.26f1/Editor/Data/Resources/UnitySubsystems
[Subsystems] Discovering subsystems at path D:/Programming/UNITY/GOLDSMITHS/VIRTUAL REALITY/Car-Experiment/Car-Experiment/Assets
GfxDevice: creating device client; threaded=0
Direct3D:
    Version:  Direct3D 11.0 [level 11.1]
    Renderer: NVIDIA GeForce RTX 2060 (ID=0x1f11)
    Vendor:   
    VRAM:     5980 MB
    Driver:   30.0.15.1165
Initialize mono
Mono path[0] = 'D:/Softwares/Unity3D/2020.3.26f1/Editor/Data/Managed'
Mono path[1] = 'D:/Softwares/Unity3D/2020.3.26f1/Editor/Data/MonoBleedingEdge/lib/mono/unityjit'
Mono config path = 'D:/Softwares/Unity3D/2020.3.26f1/Editor/Data/MonoBleedingEdge/etc'
Using monoOptions --debugger-agent=transport=dt_socket,embedding=1,server=y,suspend=n,address=127.0.0.1:56504
Begin MonoManager ReloadAssembly
Registering precompiled unity dll's ...
Register platform support module: D:/Softwares/Unity3D/2020.3.26f1/Editor/Data/PlaybackEngines/WebGLSupport/UnityEditor.WebGL.Extensions.dll
Register platform support module: D:/Softwares/Unity3D/2020.3.26f1/Editor/Data/PlaybackEngines/WindowsStandaloneSupport/UnityEditor.WindowsStandalone.Extensions.dll
Registered in 0.001212 seconds.
Native extension for WindowsStandalone target not found
Native extension for WebGL target not found
Refreshing native plugins compatible for Editor in 45.22 ms, found 5 plugins.
Preloading 1 native plugins for Editor in 0.05 ms.
Mono: successfully reloaded assembly
- Completed reload, in  0.586 seconds
Domain Reload Profiling:
	ReloadAssembly (586ms)
		BeginReloadAssembly (50ms)
			ExecutionOrderSort (0ms)
			DisableScriptedObjects (0ms)
			BackupInstance (0ms)
			ReleaseScriptingObjects (0ms)
			CreateAndSetChildDomain (1ms)
		EndReloadAssembly (472ms)
			LoadAssemblies (50ms)
			RebuildTransferFunctionScriptingTraits (0ms)
			SetupTypeCache (165ms)
			ReleaseScriptCaches (0ms)
			RebuildScriptCaches (32ms)
			SetupLoadedEditorAssemblies (172ms)
				LogAssemblyErrors (0ms)
				InitializePlatformSupportModulesInManaged (5ms)
				SetLoadedEditorAssemblies (0ms)
				RefreshPlugins (45ms)
				BeforeProcessingInitializeOnLoad (17ms)
				ProcessInitializeOnLoadAttributes (80ms)
				ProcessInitializeOnLoadMethodAttributes (25ms)
				AfterProcessingInitializeOnLoad (0ms)
				EditorAssembliesLoaded (0ms)
			ExecutionOrderSort2 (0ms)
			AwakeInstancesAfterBackupRestoration (0ms)
Platform modules already initialized, skipping
Registering precompiled user dll's ...
Registered in 0.002690 seconds.
Begin MonoManager ReloadAssembly
Native extension for WindowsStandalone target not found
Native extension for WebGL target not found
Refreshing native plugins compatible for Editor in 42.95 ms, found 5 plugins.
Preloading 1 native plugins for Editor in 0.06 ms.
[XR] OculusXRPlugin: registering subsystems
[XR] Unable to register display lifecyle provider: [1]
[XR] Oculus Input lifecycle provider registered.
[XR] Unable to register input lifecyle provider: [1]
System.Reflection.TargetInvocationException: Exception has been thrown by the target of an invocation. ---> System.NullReferenceException: Object reference not set to an instance of an object
  at Unity.XR.Oculus.OculusLoader.AssetPathToAbsolutePath (System.String assetPath) [0x00048] in D:\Programming\UNITY\GOLDSMITHS\VIRTUAL REALITY\Car-Experiment\Car-Experiment\Library\PackageCache\com.unity.xr.oculus@1.11.2\Runtime\OculusLoader.cs:250 
  at Unity.XR.Oculus.OculusLoader.EditorLoadOVRPlugin () [0x0007b] in D:\Programming\UNITY\GOLDSMITHS\VIRTUAL REALITY\Car-Experiment\Car-Experiment\Library\PackageCache\com.unity.xr.oculus@1.11.2\Runtime\OculusLoader.cs:235 
  at (wrapper managed-to-native) System.Reflection.MonoMethod.InternalInvoke(System.Reflection.MonoMethod,object,object[],System.Exception&)
  at System.Reflection.MonoMethod.Invoke (System.Object obj, System.Reflection.BindingFlags invokeAttr, System.Reflection.Binder binder, System.Object[] parameters, System.Globalization.CultureInfo culture) [0x00032] in <695d1cc93cca45069c528c15c9fdd749>:0 
   --- End of inner exception stack trace ---
  at System.Reflection.MonoMethod.Invoke (System.Object obj, System.Reflection.BindingFlags invokeAttr, System.Reflection.Binder binder, System.Object[] parameters, System.Globalization.CultureInfo culture) [0x00048] in <695d1cc93cca45069c528c15c9fdd749>:0 
  at System.Reflection.MethodBase.Invoke (System.Object obj, System.Object[] parameters) [0x00000] in <695d1cc93cca45069c528c15c9fdd749>:0 
  at UnityEditor.EditorAssemblies.ProcessInitializeOnLoadMethodAttributes () [0x00047] in <55729f52d042492e9efc384182ae2feb>:0 
UnityEngine.StackTraceUtility:ExtractStackTrace ()
UnityEngine.DebugLogHandler:LogFormat (UnityEngine.LogType,UnityEngine.Object,string,object[])
UnityEngine.Logger:Log (UnityEngine.LogType,object)
UnityEngine.Debug:LogError (object)
UnityEditor.EditorAssemblies:ProcessInitializeOnLoadMethodAttributes ()

Mono: successfully reloaded assembly
- Completed reload, in  1.177 seconds
Domain Reload Profiling:
	ReloadAssembly (1178ms)
		BeginReloadAssembly (153ms)
			ExecutionOrderSort (0ms)
			DisableScriptedObjects (4ms)
			BackupInstance (0ms)
			ReleaseScriptingObjects (0ms)
			CreateAndSetChildDomain (18ms)
		EndReloadAssembly (961ms)
			LoadAssemblies (90ms)
			RebuildTransferFunctionScriptingTraits (0ms)
			SetupTypeCache (293ms)
			ReleaseScriptCaches (0ms)
			RebuildScriptCaches (48ms)
			SetupLoadedEditorAssemblies (402ms)
				LogAssemblyErrors (0ms)
				InitializePlatformSupportModulesInManaged (4ms)
				SetLoadedEditorAssemblies (0ms)
				RefreshPlugins (43ms)
				BeforeProcessingInitializeOnLoad (86ms)
				ProcessInitializeOnLoadAttributes (245ms)
				ProcessInitializeOnLoadMethodAttributes (22ms)
				AfterProcessingInitializeOnLoad (2ms)
				EditorAssembliesLoaded (0ms)
			ExecutionOrderSort2 (0ms)
			AwakeInstancesAfterBackupRestoration (6ms)
Platform modules already initialized, skipping
========================================================================
Worker process is ready to serve import requests
Launched and connected shader compiler UnityShaderCompiler.exe after 0.06 seconds
Refreshing native plugins compatible for Editor in 0.51 ms, found 5 plugins.
Preloading 1 native plugins for Editor in 0.05 ms.
Unloading 2245 Unused Serialized files (Serialized files now loaded: 0)
System memory in use before: 104.5 MB.
System memory in use after: 104.4 MB.

Unloading 22 unused Assets to reduce memory usage. Loaded Objects now: 2708.
Total: 3.279800 ms (FindLiveObjects: 0.231300 ms CreateObjectMapping: 0.115200 ms MarkObjects: 2.753800 ms  DeleteObjects: 0.178600 ms)

AssetImportParameters requested are different than current active one (requested -> active):
  custom:framework-win-MediaFoundation: 216162199b28c13a410421893ffa2e32 -> 
  custom:video-decoder-ogg-theora: a1e56fd34408186e4bbccfd4996cb3dc -> 
  custom:container-muxer-webm: aa71ff27fc2769a1b78a27578f13a17b -> 
  custom:container-demuxer-webm: 4f35f7cbe854078d1ac9338744f61a02 -> 
  custom:container-demuxer-ogg: 62fdf1f143b41e24485cea50d1cbac27 -> 
  custom:video-encoder-webm-vp8: eb34c28f22e8b96e1ab97ce403110664 -> 
  custom:video-codec-MediaFoundation-h265: 746d11721c4dcdbdad8f713fa42b33f4 -> 
  custom:video-decoder-webm-vp8: 9c59270c3fd7afecdb556c50c9e8de78 -> 
  custom:audio-decoder-ogg-vorbis: bf7c407c2cedff20999df2af8eb42d56 -> 
  custom:audio-encoder-webm-vorbis: bf7c407c2cedff20999df2af8eb42d56 -> 
========================================================================
Received Import Request.
  path: Assets/ramp
  artifactKey: Guid(fcb5ff6997e5bf54284c78462782f8c5) Importer(815301076,1909f56bfc062723c751e8b465ee728b)
Start importing Assets/ramp using Guid(fcb5ff6997e5bf54284c78462782f8c5) Importer(815301076,1909f56bfc062723c751e8b465ee728b)  -> (artifact id: '8cdd095d6cb266acabe01f46137b1b48') in 0.009507 seconds 
  Import took 0.012450 seconds .

========================================================================
Received Import Request.
  Time since last request: 0.000328 seconds.
  path: Assets/ramp/source/ramp.zip
  artifactKey: Guid(3d168e1796c0c8042b914b79a7276533) Importer(815301076,1909f56bfc062723c751e8b465ee728b)
Start importing Assets/ramp/source/ramp.zip using Guid(3d168e1796c0c8042b914b79a7276533) Importer(815301076,1909f56bfc062723c751e8b465ee728b)  -> (artifact id: 'e5e67cf30ad678620e35688c58e2e9a9') in 0.029563 seconds 
  Import took 0.032678 seconds .

========================================================================
Received Import Request.
  Time since last request: 0.000332 seconds.
  path: Assets/ramp/source
  artifactKey: Guid(8cbc84ae7cb0e974abc5e79065282b05) Importer(815301076,1909f56bfc062723c751e8b465ee728b)
Start importing Assets/ramp/source using Guid(8cbc84ae7cb0e974abc5e79065282b05) Importer(815301076,1909f56bfc062723c751e8b465ee728b)  -> (artifact id: '20612bc3baace4419499c45fd7d17a5b') in 0.005681 seconds 
  Import took 0.008993 seconds .

========================================================================
Received Import Request.
  Time since last request: 58.529801 seconds.
  path: Assets/ramp/source/ramp.fbx
  artifactKey: Guid(30620c86c83980648a0b0c8ed9bba0d5) Importer(815301076,1909f56bfc062723c751e8b465ee728b)
Start importing Assets/ramp/source/ramp.fbx using Guid(30620c86c83980648a0b0c8ed9bba0d5) Importer(815301076,1909f56bfc062723c751e8b465ee728b)  -> (artifact id: 'f35ed58017b9748941fefa7cccd51f2f') in 0.269910 seconds 
  Import took 0.273278 seconds .

========================================================================
Received Import Request.
  Time since last request: 64.290028 seconds.
  path: Assets/ramp/source/ramp_DefaultMaterial_BaseColor.png
  artifactKey: Guid(9cb9705d30eeac04d95081ed4ef84056) Importer(815301076,1909f56bfc062723c751e8b465ee728b)
Start importing Assets/ramp/source/ramp_DefaultMaterial_BaseColor.png using Guid(9cb9705d30eeac04d95081ed4ef84056) Importer(815301076,1909f56bfc062723c751e8b465ee728b)  -> (artifact id: '9c069a53082fbc1b5dfd23b8da7416a2') in 0.049677 seconds 
  Import took 0.053970 seconds .

========================================================================
Received Import Request.
  Time since last request: 33.998801 seconds.
  path: Assets/ramp/textures
  artifactKey: Guid(8de8798292042044fb85ea44f31fcb88) Importer(815301076,1909f56bfc062723c751e8b465ee728b)
Start importing Assets/ramp/textures using Guid(8de8798292042044fb85ea44f31fcb88) Importer(815301076,1909f56bfc062723c751e8b465ee728b)  -> (artifact id: '7b2df85e2a6362f506fa303fe7847a2a') in 0.006646 seconds 
  Import took 0.010740 seconds .

========================================================================
Received Import Request.
  Time since last request: 10.100874 seconds.
  path: Assets/ramp/source/ramp_DefaultMaterial_Metallic.png
  artifactKey: Guid(d2a64d63796c93a4383078cb4ec06b6f) Importer(815301076,1909f56bfc062723c751e8b465ee728b)
Start importing Assets/ramp/source/ramp_DefaultMaterial_Metallic.png using Guid(d2a64d63796c93a4383078cb4ec06b6f) Importer(815301076,1909f56bfc062723c751e8b465ee728b)  -> (artifact id: '165caeb57bc9dfd47adec0dae0634531') in 0.022733 seconds 
  Import took 0.026594 seconds .

========================================================================
Received Prepare
Registering precompiled user dll's ...
Registered in 0.004299 seconds.
Begin MonoManager ReloadAssembly
Native extension for WindowsStandalone target not found
Native extension for WebGL target not found
Refreshing native plugins compatible for Editor in 0.57 ms, found 5 plugins.
Preloading 1 native plugins for Editor in 0.07 ms.
System.Reflection.TargetInvocationException: Exception has been thrown by the target of an invocation. ---> System.NullReferenceException: Object reference not set to an instance of an object
  at Unity.XR.Oculus.OculusLoader.AssetPathToAbsolutePath (System.String assetPath) [0x00048] in D:\Programming\UNITY\GOLDSMITHS\VIRTUAL REALITY\Car-Experiment\Car-Experiment\Library\PackageCache\com.unity.xr.oculus@1.11.2\Runtime\OculusLoader.cs:250 
  at Unity.XR.Oculus.OculusLoader.EditorLoadOVRPlugin () [0x0007b] in D:\Programming\UNITY\GOLDSMITHS\VIRTUAL REALITY\Car-Experiment\Car-Experiment\Library\PackageCache\com.unity.xr.oculus@1.11.2\Runtime\OculusLoader.cs:235 
  at (wrapper managed-to-native) System.Reflection.MonoMethod.InternalInvoke(System.Reflection.MonoMethod,object,object[],System.Exception&)
  at System.Reflection.MonoMethod.Invoke (System.Object obj, System.Reflection.BindingFlags invokeAttr, System.Reflection.Binder binder, System.Object[] parameters, System.Globalization.CultureInfo culture) [0x00032] in <695d1cc93cca45069c528c15c9fdd749>:0 
   --- End of inner exception stack trace ---
  at System.Reflection.MonoMethod.Invoke (System.Object obj, System.Reflection.BindingFlags invokeAttr, System.Reflection.Binder binder, System.Object[] parameters, System.Globalization.CultureInfo culture) [0x00048] in <695d1cc93cca45069c528c15c9fdd749>:0 
  at System.Reflection.MethodBase.Invoke (System.Object obj, System.Object[] parameters) [0x00000] in <695d1cc93cca45069c528c15c9fdd749>:0 
  at UnityEditor.EditorAssemblies.ProcessInitializeOnLoadMethodAttributes () [0x00047] in <55729f52d042492e9efc384182ae2feb>:0 
UnityEngine.StackTraceUtility:ExtractStackTrace ()
UnityEngine.DebugLogHandler:LogFormat (UnityEngine.LogType,UnityEngine.Object,string,object[])
UnityEngine.Logger:Log (UnityEngine.LogType,object)
UnityEngine.Debug:LogError (object)
UnityEditor.EditorAssemblies:ProcessInitializeOnLoadMethodAttributes ()

Mono: successfully reloaded assembly
- Completed reload, in  1.175 seconds
Domain Reload Profiling:
	ReloadAssembly (1175ms)
		BeginReloadAssembly (122ms)
			ExecutionOrderSort (0ms)
			DisableScriptedObjects (5ms)
			BackupInstance (0ms)
			ReleaseScriptingObjects (0ms)
			CreateAndSetChildDomain (35ms)
		EndReloadAssembly (992ms)
			LoadAssemblies (92ms)
			RebuildTransferFunctionScriptingTraits (0ms)
			SetupTypeCache (351ms)
			ReleaseScriptCaches (1ms)
			RebuildScriptCaches (45ms)
			SetupLoadedEditorAssemblies (374ms)
				LogAssemblyErrors (0ms)
				InitializePlatformSupportModulesInManaged (4ms)
				SetLoadedEditorAssemblies (1ms)
				RefreshPlugins (1ms)
				BeforeProcessingInitializeOnLoad (86ms)
				ProcessInitializeOnLoadAttributes (259ms)
				ProcessInitializeOnLoadMethodAttributes (20ms)
				AfterProcessingInitializeOnLoad (3ms)
				EditorAssembliesLoaded (0ms)
			ExecutionOrderSort2 (0ms)
			AwakeInstancesAfterBackupRestoration (6ms)
Platform modules already initialized, skipping
Switching build target platform(19) subTarget(0) extendedPlatform(0) -> platform(13) subTarget(524288) extendedPlatform(0)
Refreshing native plugins compatible for Editor in 0.52 ms, found 5 plugins.
Preloading 1 native plugins for Editor in 0.05 ms.
Unloading 2226 Unused Serialized files (Serialized files now loaded: 0)
System memory in use before: 106.3 MB.
System memory in use after: 106.4 MB.

Unloading 16 unused Assets to reduce memory usage. Loaded Objects now: 2722.
Total: 3.294100 ms (FindLiveObjects: 0.181500 ms CreateObjectMapping: 0.089800 ms MarkObjects: 2.850100 ms  DeleteObjects: 0.171700 ms)

AssetImportParameters requested are different than current active one (requested -> active):
  custom:framework-win-MediaFoundation: 216162199b28c13a410421893ffa2e32 -> 
  custom:video-decoder-ogg-theora: a1e56fd34408186e4bbccfd4996cb3dc -> 
  custom:container-muxer-webm: aa71ff27fc2769a1b78a27578f13a17b -> 
  custom:container-demuxer-webm: 4f35f7cbe854078d1ac9338744f61a02 -> 
  custom:container-demuxer-ogg: 62fdf1f143b41e24485cea50d1cbac27 -> 
  custom:video-encoder-webm-vp8: eb34c28f22e8b96e1ab97ce403110664 -> 
  custom:video-codec-MediaFoundation-h265: 746d11721c4dcdbdad8f713fa42b33f4 -> 
  custom:video-decoder-webm-vp8: 9c59270c3fd7afecdb556c50c9e8de78 -> 
  custom:graphics/normal-map-encoding: 01000000000000000000000000000000 -> 02000000000000000000000000000000
  custom:audio-decoder-ogg-vorbis: bf7c407c2cedff20999df2af8eb42d56 -> 
  custom:audio-encoder-webm-vorbis: bf7c407c2cedff20999df2af8eb42d56 -> 
========================================================================
Received Prepare
Registering precompiled user dll's ...
Registered in 0.003287 seconds.
Begin MonoManager ReloadAssembly
Native extension for WindowsStandalone target not found
Native extension for WebGL target not found
Refreshing native plugins compatible for Editor in 0.56 ms, found 5 plugins.
Preloading 1 native plugins for Editor in 0.06 ms.
System.Reflection.TargetInvocationException: Exception has been thrown by the target of an invocation. ---> System.NullReferenceException: Object reference not set to an instance of an object
  at Unity.XR.Oculus.OculusLoader.AssetPathToAbsolutePath (System.String assetPath) [0x00048] in D:\Programming\UNITY\GOLDSMITHS\VIRTUAL REALITY\Car-Experiment\Car-Experiment\Library\PackageCache\com.unity.xr.oculus@1.11.2\Runtime\OculusLoader.cs:250 
  at Unity.XR.Oculus.OculusLoader.EditorLoadOVRPlugin () [0x0007b] in D:\Programming\UNITY\GOLDSMITHS\VIRTUAL REALITY\Car-Experiment\Car-Experiment\Library\PackageCache\com.unity.xr.oculus@1.11.2\Runtime\OculusLoader.cs:235 
  at (wrapper managed-to-native) System.Reflection.MonoMethod.InternalInvoke(System.Reflection.MonoMethod,object,object[],System.Exception&)
  at System.Reflection.MonoMethod.Invoke (System.Object obj, System.Reflection.BindingFlags invokeAttr, System.Reflection.Binder binder, System.Object[] parameters, System.Globalization.CultureInfo culture) [0x00032] in <695d1cc93cca45069c528c15c9fdd749>:0 
   --- End of inner exception stack trace ---
  at System.Reflection.MonoMethod.Invoke (System.Object obj, System.Reflection.BindingFlags invokeAttr, System.Reflection.Binder binder, System.Object[] parameters, System.Globalization.CultureInfo culture) [0x00048] in <695d1cc93cca45069c528c15c9fdd749>:0 
  at System.Reflection.MethodBase.Invoke (System.Object obj, System.Object[] parameters) [0x00000] in <695d1cc93cca45069c528c15c9fdd749>:0 
  at UnityEditor.EditorAssemblies.ProcessInitializeOnLoadMethodAttributes () [0x00047] in <55729f52d042492e9efc384182ae2feb>:0 
UnityEngine.StackTraceUtility:ExtractStackTrace ()
UnityEngine.DebugLogHandler:LogFormat (UnityEngine.LogType,UnityEngine.Object,string,object[])
UnityEngine.Logger:Log (UnityEngine.LogType,object)
UnityEngine.Debug:LogError (object)
UnityEditor.EditorAssemblies:ProcessInitializeOnLoadMethodAttributes ()

Mono: successfully reloaded assembly
- Completed reload, in  1.177 seconds
Domain Reload Profiling:
	ReloadAssembly (1178ms)
		BeginReloadAssembly (120ms)
			ExecutionOrderSort (0ms)
			DisableScriptedObjects (4ms)
			BackupInstance (0ms)
			ReleaseScriptingObjects (0ms)
			CreateAndSetChildDomain (34ms)
		EndReloadAssembly (991ms)
			LoadAssemblies (98ms)
			RebuildTransferFunctionScriptingTraits (0ms)
			SetupTypeCache (340ms)
			ReleaseScriptCaches (1ms)
			RebuildScriptCaches (48ms)
			SetupLoadedEditorAssemblies (380ms)
				LogAssemblyErrors (0ms)
				InitializePlatformSupportModulesInManaged (4ms)
				SetLoadedEditorAssemblies (1ms)
				RefreshPlugins (1ms)
				BeforeProcessingInitializeOnLoad (82ms)
				ProcessInitializeOnLoadAttributes (269ms)
				ProcessInitializeOnLoadMethodAttributes (21ms)
				AfterProcessingInitializeOnLoad (2ms)
				EditorAssembliesLoaded (0ms)
			ExecutionOrderSort2 (0ms)
			AwakeInstancesAfterBackupRestoration (6ms)
Platform modules already initialized, skipping
Switching build target platform(19) subTarget(0) extendedPlatform(0) -> platform(13) subTarget(524288) extendedPlatform(0)
Refreshing native plugins compatible for Editor in 0.60 ms, found 5 plugins.
Preloading 1 native plugins for Editor in 0.06 ms.
Unloading 2226 Unused Serialized files (Serialized files now loaded: 0)
System memory in use before: 106.4 MB.
System memory in use after: 106.4 MB.

Unloading 15 unused Assets to reduce memory usage. Loaded Objects now: 2725.
Total: 3.813300 ms (FindLiveObjects: 0.272600 ms CreateObjectMapping: 0.128200 ms MarkObjects: 3.201500 ms  DeleteObjects: 0.209900 ms)

AssetImportParameters requested are different than current active one (requested -> active):
  custom:framework-win-MediaFoundation: 216162199b28c13a410421893ffa2e32 -> 
  custom:video-decoder-ogg-theora: a1e56fd34408186e4bbccfd4996cb3dc -> 
  custom:container-muxer-webm: aa71ff27fc2769a1b78a27578f13a17b -> 
  custom:container-demuxer-webm: 4f35f7cbe854078d1ac9338744f61a02 -> 
  custom:container-demuxer-ogg: 62fdf1f143b41e24485cea50d1cbac27 -> 
  custom:video-encoder-webm-vp8: eb34c28f22e8b96e1ab97ce403110664 -> 
  custom:video-codec-MediaFoundation-h265: 746d11721c4dcdbdad8f713fa42b33f4 -> 
  custom:video-decoder-webm-vp8: 9c59270c3fd7afecdb556c50c9e8de78 -> 
  custom:graphics/normal-map-encoding: 01000000000000000000000000000000 -> 02000000000000000000000000000000
  custom:audio-decoder-ogg-vorbis: bf7c407c2cedff20999df2af8eb42d56 -> 
  custom:audio-encoder-webm-vorbis: bf7c407c2cedff20999df2af8eb42d56 -> 
========================================================================
Received Prepare
Registering precompiled user dll's ...
Registered in 0.003023 seconds.
Begin MonoManager ReloadAssembly
Native extension for WindowsStandalone target not found
Native extension for WebGL target not found
Refreshing native plugins compatible for Editor in 0.61 ms, found 5 plugins.
Preloading 1 native plugins for Editor in 0.07 ms.
System.Reflection.TargetInvocationException: Exception has been thrown by the target of an invocation. ---> System.NullReferenceException: Object reference not set to an instance of an object
  at Unity.XR.Oculus.OculusLoader.AssetPathToAbsolutePath (System.String assetPath) [0x00048] in D:\Programming\UNITY\GOLDSMITHS\VIRTUAL REALITY\Car-Experiment\Car-Experiment\Library\PackageCache\com.unity.xr.oculus@1.11.2\Runtime\OculusLoader.cs:250 
  at Unity.XR.Oculus.OculusLoader.EditorLoadOVRPlugin () [0x0007b] in D:\Programming\UNITY\GOLDSMITHS\VIRTUAL REALITY\Car-Experiment\Car-Experiment\Library\PackageCache\com.unity.xr.oculus@1.11.2\Runtime\OculusLoader.cs:235 
  at (wrapper managed-to-native) System.Reflection.MonoMethod.InternalInvoke(System.Reflection.MonoMethod,object,object[],System.Exception&)
  at System.Reflection.MonoMethod.Invoke (System.Object obj, System.Reflection.BindingFlags invokeAttr, System.Reflection.Binder binder, System.Object[] parameters, System.Globalization.CultureInfo culture) [0x00032] in <695d1cc93cca45069c528c15c9fdd749>:0 
   --- End of inner exception stack trace ---
  at System.Reflection.MonoMethod.Invoke (System.Object obj, System.Reflection.BindingFlags invokeAttr, System.Reflection.Binder binder, System.Object[] parameters, System.Globalization.CultureInfo culture) [0x00048] in <695d1cc93cca45069c528c15c9fdd749>:0 
  at System.Reflection.MethodBase.Invoke (System.Object obj, System.Object[] parameters) [0x00000] in <695d1cc93cca45069c528c15c9fdd749>:0 
  at UnityEditor.EditorAssemblies.ProcessInitializeOnLoadMethodAttributes () [0x00047] in <55729f52d042492e9efc384182ae2feb>:0 
UnityEngine.StackTraceUtility:ExtractStackTrace ()
UnityEngine.DebugLogHandler:LogFormat (UnityEngine.LogType,UnityEngine.Object,string,object[])
UnityEngine.Logger:Log (UnityEngine.LogType,object)
UnityEngine.Debug:LogError (object)
UnityEditor.EditorAssemblies:ProcessInitializeOnLoadMethodAttributes ()

Mono: successfully reloaded assembly
- Completed reload, in  1.180 seconds
Domain Reload Profiling:
	ReloadAssembly (1181ms)
		BeginReloadAssembly (118ms)
			ExecutionOrderSort (0ms)
			DisableScriptedObjects (5ms)
			BackupInstance (0ms)
			ReleaseScriptingObjects (0ms)
			CreateAndSetChildDomain (33ms)
		EndReloadAssembly (1001ms)
			LoadAssemblies (90ms)
			RebuildTransferFunctionScriptingTraits (0ms)
			SetupTypeCache (333ms)
			ReleaseScriptCaches (1ms)
			RebuildScriptCaches (45ms)
			SetupLoadedEditorAssemblies (385ms)
				LogAssemblyErrors (0ms)
				InitializePlatformSupportModulesInManaged (5ms)
				SetLoadedEditorAssemblies (1ms)
				RefreshPlugins (1ms)
				BeforeProcessingInitializeOnLoad (93ms)
				ProcessInitializeOnLoadAttributes (261ms)
				ProcessInitializeOnLoadMethodAttributes (22ms)
				AfterProcessingInitializeOnLoad (3ms)
				EditorAssembliesLoaded (0ms)
			ExecutionOrderSort2 (0ms)
			AwakeInstancesAfterBackupRestoration (7ms)
Platform modules already initialized, skipping
Switching build target platform(19) subTarget(0) extendedPlatform(0) -> platform(13) subTarget(524288) extendedPlatform(0)
Refreshing native plugins compatible for Editor in 0.57 ms, found 5 plugins.
Preloading 1 native plugins for Editor in 0.06 ms.
Unloading 2226 Unused Serialized files (Serialized files now loaded: 0)
System memory in use before: 106.4 MB.
System memory in use after: 106.4 MB.

Unloading 15 unused Assets to reduce memory usage. Loaded Objects now: 2728.
Total: 3.333500 ms (FindLiveObjects: 0.197700 ms CreateObjectMapping: 0.084000 ms MarkObjects: 2.869200 ms  DeleteObjects: 0.181700 ms)

AssetImportParameters requested are different than current active one (requested -> active):
  custom:framework-win-MediaFoundation: 216162199b28c13a410421893ffa2e32 -> 
  custom:video-decoder-ogg-theora: a1e56fd34408186e4bbccfd4996cb3dc -> 
  custom:container-muxer-webm: aa71ff27fc2769a1b78a27578f13a17b -> 
  custom:container-demuxer-webm: 4f35f7cbe854078d1ac9338744f61a02 -> 
  custom:container-demuxer-ogg: 62fdf1f143b41e24485cea50d1cbac27 -> 
  custom:video-encoder-webm-vp8: eb34c28f22e8b96e1ab97ce403110664 -> 
  custom:video-codec-MediaFoundation-h265: 746d11721c4dcdbdad8f713fa42b33f4 -> 
  custom:video-decoder-webm-vp8: 9c59270c3fd7afecdb556c50c9e8de78 -> 
  custom:graphics/normal-map-encoding: 01000000000000000000000000000000 -> 02000000000000000000000000000000
  custom:audio-decoder-ogg-vorbis: bf7c407c2cedff20999df2af8eb42d56 -> 
  custom:audio-encoder-webm-vorbis: bf7c407c2cedff20999df2af8eb42d56 -> 
========================================================================
Received Prepare
Registering precompiled user dll's ...
Registered in 0.003344 seconds.
Begin MonoManager ReloadAssembly
Native extension for WindowsStandalone target not found
Native extension for WebGL target not found
Refreshing native plugins compatible for Editor in 0.57 ms, found 5 plugins.
Preloading 1 native plugins for Editor in 0.06 ms.
System.Reflection.TargetInvocationException: Exception has been thrown by the target of an invocation. ---> System.NullReferenceException: Object reference not set to an instance of an object
  at Unity.XR.Oculus.OculusLoader.AssetPathToAbsolutePath (System.String assetPath) [0x00048] in D:\Programming\UNITY\GOLDSMITHS\VIRTUAL REALITY\Car-Experiment\Car-Experiment\Library\PackageCache\com.unity.xr.oculus@1.11.2\Runtime\OculusLoader.cs:250 
  at Unity.XR.Oculus.OculusLoader.EditorLoadOVRPlugin () [0x0007b] in D:\Programming\UNITY\GOLDSMITHS\VIRTUAL REALITY\Car-Experiment\Car-Experiment\Library\PackageCache\com.unity.xr.oculus@1.11.2\Runtime\OculusLoader.cs:235 
  at (wrapper managed-to-native) System.Reflection.MonoMethod.InternalInvoke(System.Reflection.MonoMethod,object,object[],System.Exception&)
  at System.Reflection.MonoMethod.Invoke (System.Object obj, System.Reflection.BindingFlags invokeAttr, System.Reflection.Binder binder, System.Object[] parameters, System.Globalization.CultureInfo culture) [0x00032] in <695d1cc93cca45069c528c15c9fdd749>:0 
   --- End of inner exception stack trace ---
  at System.Reflection.MonoMethod.Invoke (System.Object obj, System.Reflection.BindingFlags invokeAttr, System.Reflection.Binder binder, System.Object[] parameters, System.Globalization.CultureInfo culture) [0x00048] in <695d1cc93cca45069c528c15c9fdd749>:0 
  at System.Reflection.MethodBase.Invoke (System.Object obj, System.Object[] parameters) [0x00000] in <695d1cc93cca45069c528c15c9fdd749>:0 
  at UnityEditor.EditorAssemblies.ProcessInitializeOnLoadMethodAttributes () [0x00047] in <55729f52d042492e9efc384182ae2feb>:0 
UnityEngine.StackTraceUtility:ExtractStackTrace ()
UnityEngine.DebugLogHandler:LogFormat (UnityEngine.LogType,UnityEngine.Object,string,object[])
UnityEngine.Logger:Log (UnityEngine.LogType,object)
UnityEngine.Debug:LogError (object)
UnityEditor.EditorAssemblies:ProcessInitializeOnLoadMethodAttributes ()

Mono: successfully reloaded assembly
- Completed reload, in  1.176 seconds
Domain Reload Profiling:
	ReloadAssembly (1177ms)
		BeginReloadAssembly (118ms)
			ExecutionOrderSort (0ms)
			DisableScriptedObjects (6ms)
			BackupInstance (0ms)
			ReleaseScriptingObjects (0ms)
			CreateAndSetChildDomain (35ms)
		EndReloadAssembly (987ms)
			LoadAssemblies (98ms)
			RebuildTransferFunctionScriptingTraits (0ms)
			SetupTypeCache (334ms)
			ReleaseScriptCaches (1ms)
			RebuildScriptCaches (45ms)
			SetupLoadedEditorAssemblies (377ms)
				LogAssemblyErrors (0ms)
				InitializePlatformSupportModulesInManaged (5ms)
				SetLoadedEditorAssemblies (1ms)
				RefreshPlugins (1ms)
				BeforeProcessingInitializeOnLoad (85ms)
				ProcessInitializeOnLoadAttributes (263ms)
				ProcessInitializeOnLoadMethodAttributes (21ms)
				AfterProcessingInitializeOnLoad (2ms)
				EditorAssembliesLoaded (0ms)
			ExecutionOrderSort2 (0ms)
			AwakeInstancesAfterBackupRestoration (6ms)
Platform modules already initialized, skipping
Switching build target platform(19) subTarget(0) extendedPlatform(0) -> platform(13) subTarget(524288) extendedPlatform(0)
Refreshing native plugins compatible for Editor in 0.56 ms, found 5 plugins.
Preloading 1 native plugins for Editor in 0.06 ms.
Unloading 2226 Unused Serialized files (Serialized files now loaded: 0)
System memory in use before: 106.4 MB.
System memory in use after: 106.4 MB.

Unloading 15 unused Assets to reduce memory usage. Loaded Objects now: 2731.
Total: 3.373300 ms (FindLiveObjects: 0.171100 ms CreateObjectMapping: 0.086800 ms MarkObjects: 2.941300 ms  DeleteObjects: 0.173100 ms)

AssetImportParameters requested are different than current active one (requested -> active):
  custom:framework-win-MediaFoundation: 216162199b28c13a410421893ffa2e32 -> 
  custom:video-decoder-ogg-theora: a1e56fd34408186e4bbccfd4996cb3dc -> 
  custom:container-muxer-webm: aa71ff27fc2769a1b78a27578f13a17b -> 
  custom:container-demuxer-webm: 4f35f7cbe854078d1ac9338744f61a02 -> 
  custom:container-demuxer-ogg: 62fdf1f143b41e24485cea50d1cbac27 -> 
  custom:video-encoder-webm-vp8: eb34c28f22e8b96e1ab97ce403110664 -> 
  custom:video-codec-MediaFoundation-h265: 746d11721c4dcdbdad8f713fa42b33f4 -> 
  custom:video-decoder-webm-vp8: 9c59270c3fd7afecdb556c50c9e8de78 -> 
  custom:graphics/normal-map-encoding: 01000000000000000000000000000000 -> 02000000000000000000000000000000
  custom:audio-decoder-ogg-vorbis: bf7c407c2cedff20999df2af8eb42d56 -> 
  custom:audio-encoder-webm-vorbis: bf7c407c2cedff20999df2af8eb42d56 -> 
========================================================================
Received Import Request.
  Time since last request: 1562.604073 seconds.
  path: Assets/evening_meadow_8k.hdr
  artifactKey: Guid(c2e15f8f652d0314089bc09ac4f8e6b1) Importer(815301076,1909f56bfc062723c751e8b465ee728b)
Start importing Assets/evening_meadow_8k.hdr using Guid(c2e15f8f652d0314089bc09ac4f8e6b1) Importer(815301076,1909f56bfc062723c751e8b465ee728b)  -> (artifact id: '32816bd1148295156da386726dcf2bbc') in 0.102031 seconds 
  Import took 0.105991 seconds .

========================================================================
Received Import Request.
  Time since last request: 31.723722 seconds.
  path: Assets/evening_meadow_8k.hdr
  artifactKey: Guid(c2e15f8f652d0314089bc09ac4f8e6b1) Importer(815301076,1909f56bfc062723c751e8b465ee728b)
Start importing Assets/evening_meadow_8k.hdr using Guid(c2e15f8f652d0314089bc09ac4f8e6b1) Importer(815301076,1909f56bfc062723c751e8b465ee728b)  -> (artifact id: '33e93fd48ba25b4fb57e9c0bd6471c01') in 0.513996 seconds 
  Import took 0.518679 seconds .

========================================================================
Received Import Request.
  Time since last request: 106.152077 seconds.
  path: Assets/RCK 2.3/Standard Assets/Light Flares/Sources/Materials/flare mat.mat
  artifactKey: Guid(a6dbb96b9d112024d000e929e39e7c39) Importer(815301076,1909f56bfc062723c751e8b465ee728b)
Start importing Assets/RCK 2.3/Standard Assets/Light Flares/Sources/Materials/flare mat.mat using Guid(a6dbb96b9d112024d000e929e39e7c39) Importer(815301076,1909f56bfc062723c751e8b465ee728b)  -> (artifact id: '3c36f663d507480dedb877979dd07e99') in 0.073647 seconds 
  Import took 0.076874 seconds .

========================================================================
Received Import Request.
  Time since last request: 0.000325 seconds.
  path: Assets/RCK 2.3/Models/Vahicles/OldCar/Materials/InSide.mat
  artifactKey: Guid(318951b3d8d3b9d4d9e64bd3fe1c7004) Importer(815301076,1909f56bfc062723c751e8b465ee728b)
Start importing Assets/RCK 2.3/Models/Vahicles/OldCar/Materials/InSide.mat using Guid(318951b3d8d3b9d4d9e64bd3fe1c7004) Importer(815301076,1909f56bfc062723c751e8b465ee728b)  -> (artifact id: '13227a796bd15a4c8b2b6f1ebb531c75') in 0.129800 seconds 
  Import took 0.132619 seconds .

========================================================================
Received Import Request.
  Time since last request: 0.000317 seconds.
  path: Assets/RCK 2.3/Standard Assets/Terrain Assets/Trees Ambient-Occlusion/Palm/Materials/palmbark.mat
  artifactKey: Guid(e5bdb6135a74b444d8cebd065dbf9d08) Importer(815301076,1909f56bfc062723c751e8b465ee728b)
Start importing Assets/RCK 2.3/Standard Assets/Terrain Assets/Trees Ambient-Occlusion/Palm/Materials/palmbark.mat using Guid(e5bdb6135a74b444d8cebd065dbf9d08) Importer(815301076,1909f56bfc062723c751e8b465ee728b)  -> (artifact id: 'a227efc743dc2060009c44ebce8bff73') in 0.093688 seconds 
  Import took 0.096797 seconds .

========================================================================
Received Import Request.
  Time since last request: 0.000281 seconds.
  path: Assets/RCK 2.3/Models/Vahicles/OldCar/Materials/Glasses.mat
  artifactKey: Guid(4b96bbf2719aef2418aa634a5d817cd2) Importer(815301076,1909f56bfc062723c751e8b465ee728b)
Start importing Assets/RCK 2.3/Models/Vahicles/OldCar/Materials/Glasses.mat using Guid(4b96bbf2719aef2418aa634a5d817cd2) Importer(815301076,1909f56bfc062723c751e8b465ee728b)  -> (artifact id: 'd5f17bde6923a0b9df2495ff2048885c') in 0.459389 seconds 
  Import took 0.465393 seconds .

========================================================================
Received Import Request.
  Time since last request: 0.000350 seconds.
  path: Assets/RCK 2.3/Models/Street/Textures/Grass/TerrainMat.mat
  artifactKey: Guid(3e49f1cab4f99144982ce855b4e57c70) Importer(815301076,1909f56bfc062723c751e8b465ee728b)
Start importing Assets/RCK 2.3/Models/Street/Textures/Grass/TerrainMat.mat using Guid(3e49f1cab4f99144982ce855b4e57c70) Importer(815301076,1909f56bfc062723c751e8b465ee728b)  -> (artifact id: 'b4d5c25021efdadd65307e1a0ea6e251') in 0.187162 seconds 
  Import took 0.190352 seconds .

========================================================================
Received Import Request.
  Time since last request: 0.000296 seconds.
  path: Assets/RCK 2.3/Models/Vahicles/OldCar/Materials/Steer1.mat
  artifactKey: Guid(c00aab976dee20e45876f7d9b9cc6d36) Importer(815301076,1909f56bfc062723c751e8b465ee728b)
Start importing Assets/RCK 2.3/Models/Vahicles/OldCar/Materials/Steer1.mat using Guid(c00aab976dee20e45876f7d9b9cc6d36) Importer(815301076,1909f56bfc062723c751e8b465ee728b)  -> (artifact id: 'e88f8f8e567de31dab02421701e4e445') in 0.013962 seconds 
  Import took 0.016960 seconds .

========================================================================
Received Import Request.
  Time since last request: 0.000255 seconds.
  path: Assets/RCK 2.3/Standard Assets/Projectors/Sources/Materials/Light Material.mat
  artifactKey: Guid(a9cdb98423c19412bbac43b1fb623c48) Importer(815301076,1909f56bfc062723c751e8b465ee728b)
Start importing Assets/RCK 2.3/Standard Assets/Projectors/Sources/Materials/Light Material.mat using Guid(a9cdb98423c19412bbac43b1fb623c48) Importer(815301076,1909f56bfc062723c751e8b465ee728b)  -> (artifact id: '7322cc506f32e9285c2c330d40f3f81a') in 0.042248 seconds 
  Import took 0.045120 seconds .

========================================================================
Received Import Request.
  Time since last request: 0.000304 seconds.
  path: Assets/RCK 2.3/Models/Street/Materials/Tex-7.mat
  artifactKey: Guid(17b37e1facb803346a3fdac17fc377b2) Importer(815301076,1909f56bfc062723c751e8b465ee728b)
Start importing Assets/RCK 2.3/Models/Street/Materials/Tex-7.mat using Guid(17b37e1facb803346a3fdac17fc377b2) Importer(815301076,1909f56bfc062723c751e8b465ee728b)  -> (artifact id: '33cada6b87effffe6dc6b3f4bc8bf4f4') in 0.157499 seconds 
  Import took 0.160529 seconds .

========================================================================
Received Import Request.
  Time since last request: 0.000317 seconds.
  path: Assets/RCK 2.3/Skidmarks/Skidmarks Essentials/Skidmarks Material.mat
  artifactKey: Guid(231b39497f623924bbee554817a8fa8f) Importer(815301076,1909f56bfc062723c751e8b465ee728b)
Start importing Assets/RCK 2.3/Skidmarks/Skidmarks Essentials/Skidmarks Material.mat using Guid(231b39497f623924bbee554817a8fa8f) Importer(815301076,1909f56bfc062723c751e8b465ee728b)  -> (artifact id: '69084ecae1bc7f8e0bd47c87deea6265') in 0.038910 seconds 
  Import took 0.041822 seconds .

========================================================================
Received Import Request.
  Time since last request: 0.000295 seconds.
  path: Assets/RCK 2.3/Models/Street/Materials/Tex-1.mat
  artifactKey: Guid(c4ba64dc0145e4b4d851743c0abbfd46) Importer(815301076,1909f56bfc062723c751e8b465ee728b)
Start importing Assets/RCK 2.3/Models/Street/Materials/Tex-1.mat using Guid(c4ba64dc0145e4b4d851743c0abbfd46) Importer(815301076,1909f56bfc062723c751e8b465ee728b)  -> (artifact id: 'ef4069824996bcbc0b6444803a38154b') in 0.167330 seconds 
  Import took 0.170110 seconds .

========================================================================
Received Import Request.
  Time since last request: 0.000321 seconds.
  path: Assets/RCK 2.3/Models/Vahicles/RallyCar/Materials/Inside.mat
  artifactKey: Guid(e0b562b8d40461d48a3fe07aed5dd955) Importer(815301076,1909f56bfc062723c751e8b465ee728b)
Start importing Assets/RCK 2.3/Models/Vahicles/RallyCar/Materials/Inside.mat using Guid(e0b562b8d40461d48a3fe07aed5dd955) Importer(815301076,1909f56bfc062723c751e8b465ee728b)  -> (artifact id: '78905e11584461844bdd8cb3a2d17f0a') in 0.020359 seconds 
  Import took 0.023152 seconds .

========================================================================
Received Import Request.
  Time since last request: 0.000295 seconds.
  path: Assets/RCK 2.3/Models/Street/Materials/Tex-6.mat
  artifactKey: Guid(cb7819bc31591854fbb65a1a6ef7f66f) Importer(815301076,1909f56bfc062723c751e8b465ee728b)
Start importing Assets/RCK 2.3/Models/Street/Materials/Tex-6.mat using Guid(cb7819bc31591854fbb65a1a6ef7f66f) Importer(815301076,1909f56bfc062723c751e8b465ee728b)  -> (artifact id: '5be534604bb2e30e063a6996d1156f4d') in 0.013877 seconds 
  Import took 0.016627 seconds .

========================================================================
Received Import Request.
  Time since last request: 0.000311 seconds.
  path: Assets/RCK 2.3/Skidmarks/Skidmarks Essentials/Skidmarks Material 1.mat
  artifactKey: Guid(c06aabeea45e26141a9e6f4c35c8f416) Importer(815301076,1909f56bfc062723c751e8b465ee728b)
Start importing Assets/RCK 2.3/Skidmarks/Skidmarks Essentials/Skidmarks Material 1.mat using Guid(c06aabeea45e26141a9e6f4c35c8f416) Importer(815301076,1909f56bfc062723c751e8b465ee728b)  -> (artifact id: '2e21273dc06d38fb541442de34549de9') in 0.018693 seconds 
  Import took 0.022210 seconds .

========================================================================
Received Import Request.
  Time since last request: 0.000285 seconds.
  path: Assets/RCK 2.3/Models/Vahicles/OldCar/Materials/Tire.mat
  artifactKey: Guid(b9cb6a19942cd2e40aadf823d3f591c4) Importer(815301076,1909f56bfc062723c751e8b465ee728b)
Start importing Assets/RCK 2.3/Models/Vahicles/OldCar/Materials/Tire.mat using Guid(b9cb6a19942cd2e40aadf823d3f591c4) Importer(815301076,1909f56bfc062723c751e8b465ee728b)  -> (artifact id: '0b55fd68b65aa4001ab958391e4a1a28') in 0.029136 seconds 
  Import took 0.032171 seconds .

========================================================================
Received Import Request.
  Time since last request: 0.000295 seconds.
  path: Assets/RCK 2.3/Standard Assets/Projectors/Sources/Materials/Shadow Material.mat
  artifactKey: Guid(78c0a732ad112a541100162a44295342) Importer(815301076,1909f56bfc062723c751e8b465ee728b)
Start importing Assets/RCK 2.3/Standard Assets/Projectors/Sources/Materials/Shadow Material.mat using Guid(78c0a732ad112a541100162a44295342) Importer(815301076,1909f56bfc062723c751e8b465ee728b)  -> (artifact id: 'ab0daa2b8433fc2b27277da3a31daf7f') in 0.032499 seconds 
  Import took 0.035405 seconds .

========================================================================
Received Import Request.
  Time since last request: 0.000262 seconds.
  path: Assets/RCK 2.3/Models/Street/Materials/Tex-2.mat
  artifactKey: Guid(4288d0aabed8a2a469392ac77365cd73) Importer(815301076,1909f56bfc062723c751e8b465ee728b)
Start importing Assets/RCK 2.3/Models/Street/Materials/Tex-2.mat using Guid(4288d0aabed8a2a469392ac77365cd73) Importer(815301076,1909f56bfc062723c751e8b465ee728b)  -> (artifact id: 'c67fb090be3723e14a67dcd1e762d6bd') in 0.031125 seconds 
  Import took 0.034028 seconds .

========================================================================
Received Import Request.
  Time since last request: 0.000298 seconds.
  path: Assets/RCK 2.3/GUIs/Other/Materials/grid 2.mat
  artifactKey: Guid(72dc73adc460f4940925abcd0b080ebd) Importer(815301076,1909f56bfc062723c751e8b465ee728b)
Start importing Assets/RCK 2.3/GUIs/Other/Materials/grid 2.mat using Guid(72dc73adc460f4940925abcd0b080ebd) Importer(815301076,1909f56bfc062723c751e8b465ee728b)  -> (artifact id: '458b1bd6d589901dffac44eabf6a8bde') in 0.018963 seconds 
  Import took 0.022198 seconds .

========================================================================
Received Import Request.
  Time since last request: 0.000283 seconds.
  path: Assets/RCK 2.3/Models/Street/Materials/Tex-4.mat
  artifactKey: Guid(4aa5d003c65cb9b449d3755ec692a7b9) Importer(815301076,1909f56bfc062723c751e8b465ee728b)
Start importing Assets/RCK 2.3/Models/Street/Materials/Tex-4.mat using Guid(4aa5d003c65cb9b449d3755ec692a7b9) Importer(815301076,1909f56bfc062723c751e8b465ee728b)  -> (artifact id: '8e94975d33f3bbd2e75a382c4ddf3311') in 0.010552 seconds 
  Import took 0.013402 seconds .

========================================================================
Received Import Request.
  Time since last request: 0.000304 seconds.
  path: Assets/RCK 2.3/Models/Vahicles/RallyCar/Materials/Glass.mat
  artifactKey: Guid(a432ad8fefba51643b7c63abf9351b6f) Importer(815301076,1909f56bfc062723c751e8b465ee728b)
Start importing Assets/RCK 2.3/Models/Vahicles/RallyCar/Materials/Glass.mat using Guid(a432ad8fefba51643b7c63abf9351b6f) Importer(815301076,1909f56bfc062723c751e8b465ee728b)  -> (artifact id: '210e40f548b4f8a814709666efe4fa92') in 0.149763 seconds 
  Import took 0.152686 seconds .

========================================================================
Received Import Request.
  Time since last request: 0.000308 seconds.
  path: Assets/RCK 2.3/Models/Vahicles/RallyCar/Materials/Ref.mat
  artifactKey: Guid(9049ea6618ff8804381987a457700fb2) Importer(815301076,1909f56bfc062723c751e8b465ee728b)
Start importing Assets/RCK 2.3/Models/Vahicles/RallyCar/Materials/Ref.mat using Guid(9049ea6618ff8804381987a457700fb2) Importer(815301076,1909f56bfc062723c751e8b465ee728b)  -> (artifact id: 'ec135d071b28bb7c9ec786f600e77641') in 0.009030 seconds 
  Import took 0.012105 seconds .

========================================================================
Received Import Request.
  Time since last request: 0.000254 seconds.
  path: Assets/RCK 2.3/Models/Vahicles/PoliceCar/Materials/body (2).mat
  artifactKey: Guid(1838cf1977d71744f88f997844538f6f) Importer(815301076,1909f56bfc062723c751e8b465ee728b)
Start importing Assets/RCK 2.3/Models/Vahicles/PoliceCar/Materials/body (2).mat using Guid(1838cf1977d71744f88f997844538f6f) Importer(815301076,1909f56bfc062723c751e8b465ee728b)  -> (artifact id: '18b698d9d7253524ef510a3a1c1d99bc') in 0.021417 seconds 
  Import took 0.024786 seconds .

========================================================================
Received Import Request.
  Time since last request: 0.000316 seconds.
  path: Assets/RCK 2.3/Models/Tree/Materials/AlderBranches.mat
  artifactKey: Guid(03d3dd49b23901e4a94fd7ecdee4e030) Importer(815301076,1909f56bfc062723c751e8b465ee728b)
Start importing Assets/RCK 2.3/Models/Tree/Materials/AlderBranches.mat using Guid(03d3dd49b23901e4a94fd7ecdee4e030) Importer(815301076,1909f56bfc062723c751e8b465ee728b)  -> (artifact id: '41b09cc970a1ed1ac845f7d9f0361131') in 0.081445 seconds 
  Import took 0.085357 seconds .

========================================================================
Received Import Request.
  Time since last request: 0.000289 seconds.
  path: Assets/RCK 2.3/Models/Vahicles/RallyCar/Materials/BottomCar.mat
  artifactKey: Guid(a059bc4fd2fee454ab9145e71e03deca) Importer(815301076,1909f56bfc062723c751e8b465ee728b)
Start importing Assets/RCK 2.3/Models/Vahicles/RallyCar/Materials/BottomCar.mat using Guid(a059bc4fd2fee454ab9145e71e03deca) Importer(815301076,1909f56bfc062723c751e8b465ee728b)  -> (artifact id: 'f0f6418ba6b570013a735c4e51ed076a') in 0.009548 seconds 
  Import took 0.012542 seconds .

========================================================================
Received Import Request.
  Time since last request: 0.000332 seconds.
  path: Assets/RCK 2.3/Models/Vahicles/RallyCar/Materials/Body.mat
  artifactKey: Guid(7e9298a8990f4c843b6ed9b1070b2f03) Importer(815301076,1909f56bfc062723c751e8b465ee728b)
Start importing Assets/RCK 2.3/Models/Vahicles/RallyCar/Materials/Body.mat using Guid(7e9298a8990f4c843b6ed9b1070b2f03) Importer(815301076,1909f56bfc062723c751e8b465ee728b)  -> (artifact id: 'cc7f3d5b38c79554ee1319a72e9ff0bd') in 0.053465 seconds 
  Import took 0.056504 seconds .

========================================================================
Received Import Request.
  Time since last request: 0.000325 seconds.
  path: Assets/RCK 2.3/Models/Tree/Materials/AlderMoss.mat
  artifactKey: Guid(ebbda347635f8054b9ae14ed10a496c6) Importer(815301076,1909f56bfc062723c751e8b465ee728b)
Start importing Assets/RCK 2.3/Models/Tree/Materials/AlderMoss.mat using Guid(ebbda347635f8054b9ae14ed10a496c6) Importer(815301076,1909f56bfc062723c751e8b465ee728b)  -> (artifact id: '677b39aff3a0bed057533ef87c62b2c0') in 0.010805 seconds 
  Import took 0.013638 seconds .

========================================================================
Received Import Request.
  Time since last request: 0.000329 seconds.
  path: Assets/RCK 2.3/Models/Vahicles/OldCar/Materials/Steer2.mat
  artifactKey: Guid(9be1cf2a84b2fd24aa9bedc540d87d80) Importer(815301076,1909f56bfc062723c751e8b465ee728b)
Start importing Assets/RCK 2.3/Models/Vahicles/OldCar/Materials/Steer2.mat using Guid(9be1cf2a84b2fd24aa9bedc540d87d80) Importer(815301076,1909f56bfc062723c751e8b465ee728b)  -> (artifact id: '3aa21fea217c28fbfd45623b33a2485a') in 0.105746 seconds 
  Import took 0.108637 seconds .

========================================================================
Received Import Request.
  Time since last request: 0.000322 seconds.
  path: Assets/RCK 2.3/GUIs/Other/Lightdot-16x10.ttf
  artifactKey: Guid(2a414371c337cc04f91316d5626bf449) Importer(815301076,1909f56bfc062723c751e8b465ee728b)
Start importing Assets/RCK 2.3/GUIs/Other/Lightdot-16x10.ttf using Guid(2a414371c337cc04f91316d5626bf449) Importer(815301076,1909f56bfc062723c751e8b465ee728b)  -> (artifact id: '3820714302c5c31c011b03ed6183e548') in 0.028313 seconds 
  Import took 0.031214 seconds .

========================================================================
Received Import Request.
  Time since last request: 0.000298 seconds.
  path: Assets/RCK 2.3/Standard Assets/Projectors/Sources/Materials/Grid Material.mat
  artifactKey: Guid(52a1cf6eec0cc4f64bd6dfc9a3e8fe14) Importer(815301076,1909f56bfc062723c751e8b465ee728b)
Start importing Assets/RCK 2.3/Standard Assets/Projectors/Sources/Materials/Grid Material.mat using Guid(52a1cf6eec0cc4f64bd6dfc9a3e8fe14) Importer(815301076,1909f56bfc062723c751e8b465ee728b)  -> (artifact id: '5883b64b335711911ab586ea191f7ee7') in 0.017688 seconds 
  Import took 0.020592 seconds .

========================================================================
Received Import Request.
  Time since last request: 0.000302 seconds.
  path: Assets/sky.mat
  artifactKey: Guid(088cc7a69faeb794692cd76116d4dfb0) Importer(815301076,1909f56bfc062723c751e8b465ee728b)
Start importing Assets/sky.mat using Guid(088cc7a69faeb794692cd76116d4dfb0) Importer(815301076,1909f56bfc062723c751e8b465ee728b)  -> (artifact id: 'd00f56d323bb4a4a845f039b312d20fd') in 0.361470 seconds 
  Import took 0.365278 seconds .

========================================================================
Received Import Request.
  Time since last request: 0.000384 seconds.
  path: Assets/RCK 2.3/Models/Vahicles/RallyCar/Materials/Wheel.mat
  artifactKey: Guid(2402e409b4791fe4ea856dfbed09d7ab) Importer(815301076,1909f56bfc062723c751e8b465ee728b)
Start importing Assets/RCK 2.3/Models/Vahicles/RallyCar/Materials/Wheel.mat using Guid(2402e409b4791fe4ea856dfbed09d7ab) Importer(815301076,1909f56bfc062723c751e8b465ee728b)  -> (artifact id: 'f8d9d8e72d6a591ec5a768202e250558') in 0.020582 seconds 
  Import took 0.023890 seconds .

========================================================================
Received Import Request.
  Time since last request: 0.000251 seconds.
  path: Assets/RCK 2.3/Models/Vahicles/OldCar/Materials/Body.mat
  artifactKey: Guid(abaaf19cb76081d4c9f5761fdfb00858) Importer(815301076,1909f56bfc062723c751e8b465ee728b)
Start importing Assets/RCK 2.3/Models/Vahicles/OldCar/Materials/Body.mat using Guid(abaaf19cb76081d4c9f5761fdfb00858) Importer(815301076,1909f56bfc062723c751e8b465ee728b)  -> (artifact id: 'faea80b5f7d2f44856c327d6fdbf3d5b') in 0.125278 seconds 
  Import took 0.128726 seconds .

========================================================================
Received Import Request.
  Time since last request: 0.000324 seconds.
  path: Assets/RCK 2.3/Models/Vahicles/PoliceCar/Materials/glass.mat
  artifactKey: Guid(ce5b83418f3c88d4fa6c6b5ab9b17cb0) Importer(815301076,1909f56bfc062723c751e8b465ee728b)
Start importing Assets/RCK 2.3/Models/Vahicles/PoliceCar/Materials/glass.mat using Guid(ce5b83418f3c88d4fa6c6b5ab9b17cb0) Importer(815301076,1909f56bfc062723c751e8b465ee728b)  -> (artifact id: 'be87473be607d28d6f44b253362f92f0') in 0.150607 seconds 
  Import took 0.153546 seconds .

========================================================================
Received Import Request.
  Time since last request: 0.000348 seconds.
  path: Assets/RCK 2.3/Standard Assets/Terrain Assets/Trees Ambient-Occlusion/Palm/Materials/palmbranch.mat
  artifactKey: Guid(3186f38ca67e7441e8299da2e169f9f9) Importer(815301076,1909f56bfc062723c751e8b465ee728b)
Start importing Assets/RCK 2.3/Standard Assets/Terrain Assets/Trees Ambient-Occlusion/Palm/Materials/palmbranch.mat using Guid(3186f38ca67e7441e8299da2e169f9f9) Importer(815301076,1909f56bfc062723c751e8b465ee728b)  -> (artifact id: '5f834d2954a37952a4f57964c830171d') in 0.020749 seconds 
  Import took 0.023557 seconds .

========================================================================
Received Import Request.
  Time since last request: 0.000348 seconds.
  path: Assets/ramp/source/ramp_mat.mat
  artifactKey: Guid(138acc804d8cf3944838f3907e7058ad) Importer(815301076,1909f56bfc062723c751e8b465ee728b)
Start importing Assets/ramp/source/ramp_mat.mat using Guid(138acc804d8cf3944838f3907e7058ad) Importer(815301076,1909f56bfc062723c751e8b465ee728b)  -> (artifact id: '392e848919d3729259194cc24a306aa2') in 0.182815 seconds 
  Import took 0.185832 seconds .

========================================================================
Received Import Request.
  Time since last request: 0.000312 seconds.
  path: Assets/RCK 2.3/Models/Vahicles/OldCar/Materials/Wheel.mat
  artifactKey: Guid(b076d5e795b76fb4fabc2fa8eb63af9d) Importer(815301076,1909f56bfc062723c751e8b465ee728b)
Start importing Assets/RCK 2.3/Models/Vahicles/OldCar/Materials/Wheel.mat using Guid(b076d5e795b76fb4fabc2fa8eb63af9d) Importer(815301076,1909f56bfc062723c751e8b465ee728b)  -> (artifact id: '82f6c60352513811bd3c5b3e2fa853b7') in 0.094450 seconds 
  Import took 0.097321 seconds .

========================================================================
Received Import Request.
  Time since last request: 0.000282 seconds.
  path: Assets/RCK 2.3/Models/Vahicles/PoliceCar/Materials/wheel.mat
  artifactKey: Guid(a1b8e0ef509af194ab175114823d5ebf) Importer(815301076,1909f56bfc062723c751e8b465ee728b)
Start importing Assets/RCK 2.3/Models/Vahicles/PoliceCar/Materials/wheel.mat using Guid(a1b8e0ef509af194ab175114823d5ebf) Importer(815301076,1909f56bfc062723c751e8b465ee728b)  -> (artifact id: 'b354ed46057ba60590d8574889916ec2') in 0.030419 seconds 
  Import took 0.033399 seconds .

========================================================================
Received Import Request.
  Time since last request: 0.000302 seconds.
  path: Assets/RCK 2.3/GUIs/Other/hemi head bd it.ttf
  artifactKey: Guid(59a160d8c4f30e24291daa9584f48b8d) Importer(815301076,1909f56bfc062723c751e8b465ee728b)
Start importing Assets/RCK 2.3/GUIs/Other/hemi head bd it.ttf using Guid(59a160d8c4f30e24291daa9584f48b8d) Importer(815301076,1909f56bfc062723c751e8b465ee728b)  -> (artifact id: '0c84f1ed10411da898e55b3f5607d445') in 0.015437 seconds 
  Import took 0.018618 seconds .

========================================================================
Received Import Request.
  Time since last request: 0.000428 seconds.
  path: Assets/RCK 2.3/Standard Assets/Skyboxes/Sunny2 Skybox.mat
  artifactKey: Guid(da976b1a4f7ebb949b0f71341e4f1821) Importer(815301076,1909f56bfc062723c751e8b465ee728b)
Start importing Assets/RCK 2.3/Standard Assets/Skyboxes/Sunny2 Skybox.mat using Guid(da976b1a4f7ebb949b0f71341e4f1821) Importer(815301076,1909f56bfc062723c751e8b465ee728b)  -> (artifact id: 'ced3b403e68be10aaa6becfb2c6b6355') in 0.174395 seconds 
  Import took 0.177357 seconds .

========================================================================
Received Import Request.
  Time since last request: 0.000291 seconds.
  path: Assets/RCK 2.3/Models/Vahicles/RallyCar/Materials/Default Materia.mat
  artifactKey: Guid(d2a851f8781a087408feb25e1c42bd5c) Importer(815301076,1909f56bfc062723c751e8b465ee728b)
Start importing Assets/RCK 2.3/Models/Vahicles/RallyCar/Materials/Default Materia.mat using Guid(d2a851f8781a087408feb25e1c42bd5c) Importer(815301076,1909f56bfc062723c751e8b465ee728b)  -> (artifact id: 'c21b9b0d019c982e54e248815882af0d') in 0.121480 seconds 
  Import took 0.124279 seconds .

========================================================================
Received Import Request.
  Time since last request: 0.000292 seconds.
  path: Assets/RCK 2.3/Models/Vahicles/PoliceCar/Materials/body.mat
  artifactKey: Guid(b84951d0909a0434da066fa734c2dbc2) Importer(815301076,1909f56bfc062723c751e8b465ee728b)
Start importing Assets/RCK 2.3/Models/Vahicles/PoliceCar/Materials/body.mat using Guid(b84951d0909a0434da066fa734c2dbc2) Importer(815301076,1909f56bfc062723c751e8b465ee728b)  -> (artifact id: 'fb34ca92e337392405d494447e36ee21') in 0.064305 seconds 
  Import took 0.067260 seconds .

========================================================================
Received Import Request.
  Time since last request: 0.000347 seconds.
  path: Assets/RCK 2.3/Models/Vahicles/OldCar/Materials/Reflaction.mat
  artifactKey: Guid(8ea9b5aac7331714082e74f0ca4c67cc) Importer(815301076,1909f56bfc062723c751e8b465ee728b)
Start importing Assets/RCK 2.3/Models/Vahicles/OldCar/Materials/Reflaction.mat using Guid(8ea9b5aac7331714082e74f0ca4c67cc) Importer(815301076,1909f56bfc062723c751e8b465ee728b)  -> (artifact id: 'ea4d219eccdcb9cf25475249195870a7') in 0.015417 seconds 
  Import took 0.019030 seconds .

========================================================================
Received Import Request.
  Time since last request: 0.000307 seconds.
  path: Assets/RCK 2.3/Models/Street/Materials/Tex-8.mat
  artifactKey: Guid(4bf546fa3f0c95541a938c72f85cb194) Importer(815301076,1909f56bfc062723c751e8b465ee728b)
Start importing Assets/RCK 2.3/Models/Street/Materials/Tex-8.mat using Guid(4bf546fa3f0c95541a938c72f85cb194) Importer(815301076,1909f56bfc062723c751e8b465ee728b)  -> (artifact id: '4f7fe33292a2c7513b65340aa7408b0e') in 0.011368 seconds 
  Import took 0.014425 seconds .

========================================================================
Received Import Request.
  Time since last request: 0.000323 seconds.
  path: Assets/RCK 2.3/Models/Street/Materials/Tex-3.mat
  artifactKey: Guid(05ebdc62058ed0f4db7d04022793abb4) Importer(815301076,1909f56bfc062723c751e8b465ee728b)
Start importing Assets/RCK 2.3/Models/Street/Materials/Tex-3.mat using Guid(05ebdc62058ed0f4db7d04022793abb4) Importer(815301076,1909f56bfc062723c751e8b465ee728b)  -> (artifact id: '40751d1c468a660f2be265660b6dc169') in 0.019672 seconds 
  Import took 0.022660 seconds .

========================================================================
Received Import Request.
  Time since last request: 0.000385 seconds.
  path: Assets/RCK 2.3/GUIs/Other/Materials/nitro.mat
  artifactKey: Guid(19bb6f056a3b4a44bac21c7a4339c467) Importer(815301076,1909f56bfc062723c751e8b465ee728b)
Start importing Assets/RCK 2.3/GUIs/Other/Materials/nitro.mat using Guid(19bb6f056a3b4a44bac21c7a4339c467) Importer(815301076,1909f56bfc062723c751e8b465ee728b)  -> (artifact id: '686f8bbc9fafb80c07f0f66e77513886') in 0.031407 seconds 
  Import took 0.034541 seconds .

========================================================================
Received Prepare
Registering precompiled user dll's ...
Registered in 0.003046 seconds.
Begin MonoManager ReloadAssembly
Native extension for WindowsStandalone target not found
Native extension for WebGL target not found
Refreshing native plugins compatible for Editor in 0.52 ms, found 5 plugins.
Preloading 1 native plugins for Editor in 0.06 ms.
System.Reflection.TargetInvocationException: Exception has been thrown by the target of an invocation. ---> System.NullReferenceException: Object reference not set to an instance of an object
  at Unity.XR.Oculus.OculusLoader.AssetPathToAbsolutePath (System.String assetPath) [0x00048] in D:\Programming\UNITY\GOLDSMITHS\VIRTUAL REALITY\Car-Experiment\Car-Experiment\Library\PackageCache\com.unity.xr.oculus@1.11.2\Runtime\OculusLoader.cs:250 
  at Unity.XR.Oculus.OculusLoader.EditorLoadOVRPlugin () [0x0007b] in D:\Programming\UNITY\GOLDSMITHS\VIRTUAL REALITY\Car-Experiment\Car-Experiment\Library\PackageCache\com.unity.xr.oculus@1.11.2\Runtime\OculusLoader.cs:235 
  at (wrapper managed-to-native) System.Reflection.MonoMethod.InternalInvoke(System.Reflection.MonoMethod,object,object[],System.Exception&)
  at System.Reflection.MonoMethod.Invoke (System.Object obj, System.Reflection.BindingFlags invokeAttr, System.Reflection.Binder binder, System.Object[] parameters, System.Globalization.CultureInfo culture) [0x00032] in <695d1cc93cca45069c528c15c9fdd749>:0 
   --- End of inner exception stack trace ---
  at System.Reflection.MonoMethod.Invoke (System.Object obj, System.Reflection.BindingFlags invokeAttr, System.Reflection.Binder binder, System.Object[] parameters, System.Globalization.CultureInfo culture) [0x00048] in <695d1cc93cca45069c528c15c9fdd749>:0 
  at System.Reflection.MethodBase.Invoke (System.Object obj, System.Object[] parameters) [0x00000] in <695d1cc93cca45069c528c15c9fdd749>:0 
  at UnityEditor.EditorAssemblies.ProcessInitializeOnLoadMethodAttributes () [0x00047] in <55729f52d042492e9efc384182ae2feb>:0 
UnityEngine.StackTraceUtility:ExtractStackTrace ()
UnityEngine.DebugLogHandler:LogFormat (UnityEngine.LogType,UnityEngine.Object,string,object[])
UnityEngine.Logger:Log (UnityEngine.LogType,object)
UnityEngine.Debug:LogError (object)
UnityEditor.EditorAssemblies:ProcessInitializeOnLoadMethodAttributes ()

Mono: successfully reloaded assembly
- Completed reload, in  1.039 seconds
Domain Reload Profiling:
	ReloadAssembly (1039ms)
		BeginReloadAssembly (105ms)
			ExecutionOrderSort (0ms)
			DisableScriptedObjects (4ms)
			BackupInstance (0ms)
			ReleaseScriptingObjects (0ms)
			CreateAndSetChildDomain (31ms)
		EndReloadAssembly (877ms)
			LoadAssemblies (88ms)
			RebuildTransferFunctionScriptingTraits (0ms)
			SetupTypeCache (298ms)
			ReleaseScriptCaches (1ms)
			RebuildScriptCaches (37ms)
			SetupLoadedEditorAssemblies (332ms)
				LogAssemblyErrors (0ms)
				InitializePlatformSupportModulesInManaged (4ms)
				SetLoadedEditorAssemblies (0ms)
				RefreshPlugins (1ms)
				BeforeProcessingInitializeOnLoad (73ms)
				ProcessInitializeOnLoadAttributes (233ms)
				ProcessInitializeOnLoadMethodAttributes (18ms)
				AfterProcessingInitializeOnLoad (3ms)
				EditorAssembliesLoaded (0ms)
			ExecutionOrderSort2 (0ms)
			AwakeInstancesAfterBackupRestoration (6ms)
Platform modules already initialized, skipping
Switching build target platform(19) subTarget(0) extendedPlatform(0) -> platform(13) subTarget(524288) extendedPlatform(0)
Refreshing native plugins compatible for Editor in 0.55 ms, found 5 plugins.
Preloading 1 native plugins for Editor in 0.06 ms.
Unloading 2226 Unused Serialized files (Serialized files now loaded: 0)
System memory in use before: 114.5 MB.
System memory in use after: 114.5 MB.

Unloading 15 unused Assets to reduce memory usage. Loaded Objects now: 2784.
Total: 3.346200 ms (FindLiveObjects: 0.202400 ms CreateObjectMapping: 0.095400 ms MarkObjects: 2.866000 ms  DeleteObjects: 0.181200 ms)

AssetImportParameters requested are different than current active one (requested -> active):
  custom:framework-win-MediaFoundation: 216162199b28c13a410421893ffa2e32 -> 
  custom:video-decoder-ogg-theora: a1e56fd34408186e4bbccfd4996cb3dc -> 
  custom:container-muxer-webm: aa71ff27fc2769a1b78a27578f13a17b -> 
  custom:container-demuxer-webm: 4f35f7cbe854078d1ac9338744f61a02 -> 
  custom:container-demuxer-ogg: 62fdf1f143b41e24485cea50d1cbac27 -> 
  custom:video-encoder-webm-vp8: eb34c28f22e8b96e1ab97ce403110664 -> 
  custom:video-codec-MediaFoundation-h265: 746d11721c4dcdbdad8f713fa42b33f4 -> 
  custom:video-decoder-webm-vp8: 9c59270c3fd7afecdb556c50c9e8de78 -> 
  custom:graphics/normal-map-encoding: 01000000000000000000000000000000 -> 02000000000000000000000000000000
  custom:audio-decoder-ogg-vorbis: bf7c407c2cedff20999df2af8eb42d56 -> 
  custom:audio-encoder-webm-vorbis: bf7c407c2cedff20999df2af8eb42d56 -> 
========================================================================
Received Import Request.
  Time since last request: 820.129300 seconds.
  path: Assets/_TerrainAutoUpgrade
  artifactKey: Guid(3ce33c7407caed24aa0943a0862fb408) Importer(815301076,1909f56bfc062723c751e8b465ee728b)
Start importing Assets/_TerrainAutoUpgrade using Guid(3ce33c7407caed24aa0943a0862fb408) Importer(815301076,1909f56bfc062723c751e8b465ee728b)  -> (artifact id: '6e6fcf699e9437419f2638a6efd3098f') in 0.007928 seconds 
  Import took 0.011153 seconds .

========================================================================
Received Prepare
Registering precompiled user dll's ...
Registered in 0.003746 seconds.
Begin MonoManager ReloadAssembly
Native extension for WindowsStandalone target not found
Native extension for WebGL target not found
Refreshing native plugins compatible for Editor in 0.60 ms, found 5 plugins.
Preloading 1 native plugins for Editor in 0.11 ms.
System.Reflection.TargetInvocationException: Exception has been thrown by the target of an invocation. ---> System.NullReferenceException: Object reference not set to an instance of an object
  at Unity.XR.Oculus.OculusLoader.AssetPathToAbsolutePath (System.String assetPath) [0x00048] in D:\Programming\UNITY\GOLDSMITHS\VIRTUAL REALITY\Car-Experiment\Car-Experiment\Library\PackageCache\com.unity.xr.oculus@1.11.2\Runtime\OculusLoader.cs:250 
  at Unity.XR.Oculus.OculusLoader.EditorLoadOVRPlugin () [0x0007b] in D:\Programming\UNITY\GOLDSMITHS\VIRTUAL REALITY\Car-Experiment\Car-Experiment\Library\PackageCache\com.unity.xr.oculus@1.11.2\Runtime\OculusLoader.cs:235 
  at (wrapper managed-to-native) System.Reflection.MonoMethod.InternalInvoke(System.Reflection.MonoMethod,object,object[],System.Exception&)
  at System.Reflection.MonoMethod.Invoke (System.Object obj, System.Reflection.BindingFlags invokeAttr, System.Reflection.Binder binder, System.Object[] parameters, System.Globalization.CultureInfo culture) [0x00032] in <695d1cc93cca45069c528c15c9fdd749>:0 
   --- End of inner exception stack trace ---
  at System.Reflection.MonoMethod.Invoke (System.Object obj, System.Reflection.BindingFlags invokeAttr, System.Reflection.Binder binder, System.Object[] parameters, System.Globalization.CultureInfo culture) [0x00048] in <695d1cc93cca45069c528c15c9fdd749>:0 
  at System.Reflection.MethodBase.Invoke (System.Object obj, System.Object[] parameters) [0x00000] in <695d1cc93cca45069c528c15c9fdd749>:0 
  at UnityEditor.EditorAssemblies.ProcessInitializeOnLoadMethodAttributes () [0x00047] in <55729f52d042492e9efc384182ae2feb>:0 
UnityEngine.StackTraceUtility:ExtractStackTrace ()
UnityEngine.DebugLogHandler:LogFormat (UnityEngine.LogType,UnityEngine.Object,string,object[])
UnityEngine.Logger:Log (UnityEngine.LogType,object)
UnityEngine.Debug:LogError (object)
UnityEditor.EditorAssemblies:ProcessInitializeOnLoadMethodAttributes ()

Mono: successfully reloaded assembly
- Completed reload, in  1.231 seconds
Domain Reload Profiling:
	ReloadAssembly (1232ms)
		BeginReloadAssembly (119ms)
			ExecutionOrderSort (0ms)
			DisableScriptedObjects (6ms)
			BackupInstance (0ms)
			ReleaseScriptingObjects (0ms)
			CreateAndSetChildDomain (35ms)
		EndReloadAssembly (1032ms)
			LoadAssemblies (102ms)
			RebuildTransferFunctionScriptingTraits (0ms)
			SetupTypeCache (356ms)
			ReleaseScriptCaches (1ms)
			RebuildScriptCaches (48ms)
			SetupLoadedEditorAssemblies (380ms)
				LogAssemblyErrors (0ms)
				InitializePlatformSupportModulesInManaged (5ms)
				SetLoadedEditorAssemblies (1ms)
				RefreshPlugins (1ms)
				BeforeProcessingInitializeOnLoad (84ms)
				ProcessInitializeOnLoadAttributes (267ms)
				ProcessInitializeOnLoadMethodAttributes (20ms)
				AfterProcessingInitializeOnLoad (3ms)
				EditorAssembliesLoaded (0ms)
			ExecutionOrderSort2 (0ms)
			AwakeInstancesAfterBackupRestoration (7ms)
Platform modules already initialized, skipping
Switching build target platform(19) subTarget(0) extendedPlatform(0) -> platform(13) subTarget(524288) extendedPlatform(0)
Refreshing native plugins compatible for Editor in 0.61 ms, found 5 plugins.
Preloading 1 native plugins for Editor in 0.06 ms.
Unloading 2226 Unused Serialized files (Serialized files now loaded: 0)
System memory in use before: 114.6 MB.
System memory in use after: 114.6 MB.

Unloading 15 unused Assets to reduce memory usage. Loaded Objects now: 2787.
Total: 3.500100 ms (FindLiveObjects: 0.201400 ms CreateObjectMapping: 0.090100 ms MarkObjects: 2.998800 ms  DeleteObjects: 0.208800 ms)

AssetImportParameters requested are different than current active one (requested -> active):
  custom:framework-win-MediaFoundation: 216162199b28c13a410421893ffa2e32 -> 
  custom:video-decoder-ogg-theora: a1e56fd34408186e4bbccfd4996cb3dc -> 
  custom:container-muxer-webm: aa71ff27fc2769a1b78a27578f13a17b -> 
  custom:container-demuxer-webm: 4f35f7cbe854078d1ac9338744f61a02 -> 
  custom:container-demuxer-ogg: 62fdf1f143b41e24485cea50d1cbac27 -> 
  custom:video-encoder-webm-vp8: eb34c28f22e8b96e1ab97ce403110664 -> 
  custom:video-codec-MediaFoundation-h265: 746d11721c4dcdbdad8f713fa42b33f4 -> 
  custom:video-decoder-webm-vp8: 9c59270c3fd7afecdb556c50c9e8de78 -> 
  custom:graphics/normal-map-encoding: 01000000000000000000000000000000 -> 02000000000000000000000000000000
  custom:audio-decoder-ogg-vorbis: bf7c407c2cedff20999df2af8eb42d56 -> 
  custom:audio-encoder-webm-vorbis: bf7c407c2cedff20999df2af8eb42d56 -> 
AssetImportWorkerClient::OnTransportError - code=2 error=End of file
